#
# There is insufficient memory for the Java Runtime Environment to continue.
# Native memory allocation (malloc) failed to allocate 761776 bytes for Chunk::new
# Possible reasons:
#   The system is out of physical RAM or swap space
#   The process is running with CompressedOops enabled, and the Java Heap may be blocking the growth of the native heap
# Possible solutions:
#   Reduce memory load on the system
#   Increase physical memory or swap space
#   Check if swap backing store is full
#   Decrease Java heap size (-Xmx/-Xms)
#   Decrease number of Java threads
#   Decrease Java thread stack sizes (-Xss)
#   Set larger code cache with -XX:ReservedCodeCacheSize=
#   JVM is running with Unscaled Compressed Oops mode in which the Java heap is
#     placed in the first 4GB address space. The Java Heap base address is the
#     maximum limit for the native heap growth. Please use -XX:HeapBaseMinAddress
#     to set the Java Heap base and to place the Java Heap above 4GB virtual address.
# This output file may be truncated or incomplete.
#
#  Out of Memory Error (allocation.cpp:389), pid=1596, tid=0x0000000000002e8c
#
# JRE version: OpenJDK Runtime Environment (8.0_242-b01) (build 1.8.0_242-release-1644-b01)
# Java VM: OpenJDK 64-Bit Server VM (25.242-b01 mixed mode windows-amd64 compressed oops)
# Failed to write core dump. Minidumps are not enabled by default on client versions of Windows
#

---------------  T H R E A D  ---------------

Current thread (0x0000000017cd7000):  JavaThread "C2 CompilerThread0" daemon [_thread_in_native, id=11916, stack(0x0000000019310000,0x0000000019410000)]

Stack: [0x0000000019310000,0x0000000019410000]
[error occurred during error reporting (printing stack bounds), id 0xc0000005]

Native frames: (J=compiled Java code, j=interpreted, Vv=VM code, C=native code)


Current CompileTask:
C2:5290467 31234   !   4       java.io.ObjectOutputStream::writeObject0 (619 bytes)


---------------  P R O C E S S  ---------------

Java Threads: ( => current thread )
  0x000000001a1b7800 JavaThread "Cache worker for execution history cache (C:\Users\pelud\AndroidStudioProjects\Ctrlpc\.gradle\6.5\executionHistory)" [_thread_blocked, id=1172, stack(0x00000000795a0000,0x00000000796a0000)]
  0x000000001a1b3000 JavaThread "Execution worker for ':' Thread 3" [_thread_blocked, id=11876, stack(0x00000000794a0000,0x00000000795a0000)]
  0x000000001a1b6000 JavaThread "Execution worker for ':' Thread 2" [_thread_blocked, id=7552, stack(0x00000000793a0000,0x00000000794a0000)]
  0x000000001a1b5800 JavaThread "Execution worker for ':'" [_thread_blocked, id=11620, stack(0x00000000792a0000,0x00000000793a0000)]
  0x000000001a1b4800 JavaThread "Cache worker for file content cache (C:\Users\pelud\AndroidStudioProjects\Ctrlpc\.gradle\6.5\fileContent)" [_thread_blocked, id=12028, stack(0x00000000791a0000,0x00000000792a0000)]
  0x000000001a1ba000 JavaThread "Cache worker for Build Output Cleanup Cache (C:\Users\pelud\AndroidStudioProjects\Ctrlpc\.gradle\buildOutputCleanup)" [_thread_blocked, id=9924, stack(0x00000000790a0000,0x00000000791a0000)]
  0x000000002ac86000 JavaThread "Build operations Thread 4" [_thread_blocked, id=6408, stack(0x00000000728f0000,0x00000000729f0000)]
  0x000000002ac8b800 JavaThread "Build operations Thread 3" [_thread_blocked, id=9248, stack(0x00000000727f0000,0x00000000728f0000)]
  0x000000002ac8c000 JavaThread "Build operations Thread 2" [_thread_blocked, id=2520, stack(0x00000000726f0000,0x00000000727f0000)]
  0x000000002ac8a800 JavaThread "Build operations" [_thread_blocked, id=7096, stack(0x00000000725f0000,0x00000000726f0000)]
  0x000000002ac8d000 JavaThread "Cache worker for cache directory md-rule (C:\Users\pelud\.gradle\caches\6.5\md-rule)" [_thread_blocked, id=5880, stack(0x00000000724f0000,0x00000000725f0000)]
  0x000000002ac8a000 JavaThread "Cache worker for cache directory md-supplier (C:\Users\pelud\.gradle\caches\6.5\md-supplier)" [_thread_blocked, id=6184, stack(0x00000000723f0000,0x00000000724f0000)]
  0x000000001ffd4800 JavaThread "Cache worker for checksums cache (C:\Users\pelud\AndroidStudioProjects\Ctrlpc\.gradle\checksums)" [_thread_blocked, id=9772, stack(0x00000000722f0000,0x00000000723f0000)]
  0x000000001ffd3000 JavaThread "Cache worker for file hash cache (C:\Users\pelud\AndroidStudioProjects\Ctrlpc\.gradle\6.5\fileHashes)" [_thread_blocked, id=7632, stack(0x00000000721f0000,0x00000000722f0000)]
  0x000000001ffd1800 JavaThread "Thread-1162" [_thread_blocked, id=7156, stack(0x00000000720f0000,0x00000000721f0000)]
  0x000000001ffd0000 JavaThread "Asynchronous log dispatcher for DefaultDaemonConnection: socket connection from /127.0.0.1:12911 to /127.0.0.1:13112" [_thread_blocked, id=7292, stack(0x0000000071ef0000,0x0000000071ff0000)]
  0x000000001ffcd800 JavaThread "Daemon worker Thread 7" [_thread_in_Java, id=560, stack(0x0000000071df0000,0x0000000071ef0000)]
  0x000000001ffcf000 JavaThread "Daemon Thread 7" [_thread_blocked, id=7308, stack(0x0000000071af0000,0x0000000071bf0000)]
  0x0000000023183800 JavaThread "Cache worker for Java compile cache (C:\Users\pelud\.gradle\caches\6.5\javaCompile)" [_thread_blocked, id=9884, stack(0x000000003bcf0000,0x000000003bdf0000)]
  0x0000000020253800 JavaThread "MarlinRenderer Disposer" daemon [_thread_blocked, id=3604, stack(0x000000003b0f0000,0x000000003b1f0000)]
  0x0000000020252000 JavaThread "Java2D Disposer" daemon [_thread_blocked, id=1628, stack(0x000000003aff0000,0x000000003b0f0000)]
  0x0000000020255000 JavaThread "Memory manager" [_thread_blocked, id=12108, stack(0x000000002b670000,0x000000002b770000)]
  0x00000000198c0800 JavaThread "Cache worker for file content cache (C:\Users\pelud\.gradle\caches\6.5\fileContent)" [_thread_blocked, id=3956, stack(0x00000000229d0000,0x0000000022ad0000)]
  0x00000000198c2000 JavaThread "Cache worker for execution history cache (C:\Users\pelud\.gradle\caches\6.5\executionHistory)" [_thread_blocked, id=6264, stack(0x00000000224d0000,0x00000000225d0000)]
  0x000000001a34e000 JavaThread "Cache worker for file hash cache (C:\Users\pelud\.gradle\caches\6.5\fileHashes)" [_thread_blocked, id=8552, stack(0x000000001dea0000,0x000000001dfa0000)]
  0x000000001a34b000 JavaThread "File lock request listener" [_thread_in_native, id=624, stack(0x000000001dc30000,0x000000001dd30000)]
  0x0000000019932000 JavaThread "Cache worker for journal cache (C:\Users\pelud\.gradle\caches\journal-1)" [_thread_blocked, id=1688, stack(0x000000001da30000,0x000000001db30000)]
  0x000000001b42e800 JavaThread "Daemon health stats" [_thread_blocked, id=12132, stack(0x000000001c5b0000,0x000000001c6b0000)]
  0x0000000019648800 JavaThread "Service Thread" daemon [_thread_blocked, id=7280, stack(0x0000000019a10000,0x0000000019b10000)]
  0x0000000017ceb800 JavaThread "C1 CompilerThread2" daemon [_thread_in_vm, id=10168, stack(0x0000000019510000,0x0000000019610000)]
  0x0000000017cdb800 JavaThread "C2 CompilerThread1" daemon [_thread_blocked, id=11828, stack(0x0000000019410000,0x0000000019510000)]
=>0x0000000017cd7000 JavaThread "C2 CompilerThread0" daemon [_thread_in_native, id=11916, stack(0x0000000019310000,0x0000000019410000)]
  0x0000000017cd5800 JavaThread "Attach Listener" daemon [_thread_blocked, id=10080, stack(0x0000000019210000,0x0000000019310000)]
  0x0000000017cd2000 JavaThread "Signal Dispatcher" daemon [_thread_blocked, id=3220, stack(0x0000000019110000,0x0000000019210000)]
  0x00000000030ab800 JavaThread "Finalizer" daemon [_thread_blocked, id=1952, stack(0x0000000018f20000,0x0000000019020000)]
  0x0000000017cb9000 JavaThread "Reference Handler" daemon [_thread_blocked, id=11432, stack(0x0000000018e20000,0x0000000018f20000)]
  0x0000000002fb2800 JavaThread "main" [_thread_in_vm, id=10516, stack(0x0000000002eb0000,0x0000000002fb0000)]

Other Threads:
  0x0000000017c96000 VMThread [stack: 0x0000000018d20000,0x0000000018e20000] [id=9420]
  0x0000000017d2e800 WatcherThread [stack: 0x0000000019b10000,0x0000000019c10000] [id=10200]

VM state:not at safepoint (normal execution)

VM Mutex/Monitor currently owned by a thread:  ([mutex/lock_event])
[0x0000000002fb0bd0] CompiledIC_lock - owner thread: 0x0000000017ceb800

heap address: 0x0000000080000000, size: 2048 MB, Compressed Oops mode: 32-bit
Narrow klass base: 0x0000000000000000, Narrow klass shift: 3
Compressed class space size: 1073741824 Address: 0x0000000100000000

Heap:
 PSYoungGen      total 625152K, used 533919K [0x00000000d5580000, 0x00000000ffb80000, 0x0000000100000000)
  eden space 562176K, 92% used [0x00000000d5580000,0x00000000f513f5b0,0x00000000f7a80000)
  from space 62976K, 22% used [0x00000000fbe00000,0x00000000fcba8780,0x00000000ffb80000)
  to   space 66048K, 0% used [0x00000000f7a80000,0x00000000f7a80000,0x00000000fbb00000)
 ParOldGen       total 202752K, used 123426K [0x0000000080000000, 0x000000008c600000, 0x00000000d5580000)
  object space 202752K, 60% used [0x0000000080000000,0x00000000878889d8,0x000000008c600000)
 Metaspace       used 117908K, capacity 124968K, committed 125376K, reserved 1159168K
  class space    used 15140K, capacity 16399K, committed 16616K, reserved 1048576K

Card table byte_map: [0x0000000012470000,0x0000000012880000] byte_map_base: 0x0000000012070000

Marking Bits: (ParMarkBitMap*) 0x000000007659f030
 Begin Bits: [0x0000000012f30000, 0x0000000014f30000)
 End Bits:   [0x0000000014f30000, 0x0000000016f30000)

Polling page: 0x0000000001360000

CodeCache: size=245760Kb used=75158Kb max_used=75204Kb free=170601Kb
 bounds [0x00000000030b0000, 0x0000000007a90000, 0x00000000120b0000]
 total_blobs=21402 nmethods=20335 adapters=975
 compilation: enabled

Compilation events (10 events):
Event: 5181.922 Thread 0x0000000017ceb800 nmethod 31226 0x0000000005c45ed0 code [0x0000000005c46080, 0x0000000005c465b8]
Event: 5210.909 Thread 0x0000000017ceb800 31223       3       com.android.ide.common.resources.configuration.VersionQualifier::<init> (15 bytes)
Event: 5210.910 Thread 0x0000000017ceb800 nmethod 31223 0x0000000003f04ed0 code [0x0000000003f05040, 0x0000000003f05250]
Event: 5217.648 Thread 0x0000000017cd7000 31234   !   4       java.io.ObjectOutputStream::writeObject0 (619 bytes)
Event: 5225.619 Thread 0x0000000017ceb800 31232       3       org.gradle.internal.logging.source.PrintStreamLoggingSystem::install (87 bytes)
Event: 5229.084 Thread 0x0000000017cdb800 31236       4       org.gradle.launcher.daemon.server.exec.DaemonConnectionBackedEventConsumer$ForwardEvents::run (25 bytes)
Event: 5259.326 Thread 0x0000000017ceb800 nmethod 31232 0x00000000044830d0 code [0x00000000044832c0, 0x0000000004483c28]
Event: 5259.356 Thread 0x0000000017cdb800 nmethod 31236 0x0000000006d4f7d0 code [0x0000000006d4f960, 0x0000000006d4fc28]
Event: 5288.456 Thread 0x0000000017ceb800 31237       3       java.io.ObjectStreamClass::access$602 (7 bytes)
Event: 5288.457 Thread 0x0000000017ceb800 nmethod 31237 0x0000000003d622d0 code [0x0000000003d62420, 0x0000000003d62570]

GC Heap History (10 events):
Event: 3108.702 GC heap before
{Heap before GC invocations=29 (full 5):
 PSYoungGen      total 644096K, used 623109K [0x00000000d5580000, 0x0000000100000000, 0x0000000100000000)
  eden space 590848K, 100% used [0x00000000d5580000,0x00000000f9680000,0x00000000f9680000)
  from space 53248K, 60% used [0x00000000f9680000,0x00000000fb6014c8,0x00000000fca80000)
  to   space 54272K, 0% used [0x00000000fcb00000,0x00000000fcb00000,0x0000000100000000)
 ParOldGen       total 202752K, used 105761K [0x0000000080000000, 0x000000008c600000, 0x00000000d5580000)
  object space 202752K, 52% used [0x0000000080000000,0x00000000867487f8,0x000000008c600000)
 Metaspace       used 113804K, capacity 118900K, committed 119872K, reserved 1153024K
  class space    used 14630K, capacity 15579K, committed 15976K, reserved 1048576K
Event: 3110.020 GC heap after
Heap after GC invocations=29 (full 5):
 PSYoungGen      total 644608K, used 32138K [0x00000000d5580000, 0x0000000100000000, 0x0000000100000000)
  eden space 590336K, 0% used [0x00000000d5580000,0x00000000d5580000,0x00000000f9600000)
  from space 54272K, 59% used [0x00000000fcb00000,0x00000000fea62af8,0x0000000100000000)
  to   space 54272K, 0% used [0x00000000f9600000,0x00000000f9600000,0x00000000fcb00000)
 ParOldGen       total 202752K, used 105761K [0x0000000080000000, 0x000000008c600000, 0x00000000d5580000)
  object space 202752K, 52% used [0x0000000080000000,0x00000000867487f8,0x000000008c600000)
 Metaspace       used 113804K, capacity 118900K, committed 119872K, reserved 1153024K
  class space    used 14630K, capacity 15579K, committed 15976K, reserved 1048576K
}
Event: 3136.206 GC heap before
{Heap before GC invocations=30 (full 5):
 PSYoungGen      total 644608K, used 622474K [0x00000000d5580000, 0x0000000100000000, 0x0000000100000000)
  eden space 590336K, 100% used [0x00000000d5580000,0x00000000f9600000,0x00000000f9600000)
  from space 54272K, 59% used [0x00000000fcb00000,0x00000000fea62af8,0x0000000100000000)
  to   space 54272K, 0% used [0x00000000f9600000,0x00000000f9600000,0x00000000fcb00000)
 ParOldGen       total 202752K, used 105761K [0x0000000080000000, 0x000000008c600000, 0x00000000d5580000)
  object space 202752K, 52% used [0x0000000080000000,0x00000000867487f8,0x000000008c600000)
 Metaspace       used 113878K, capacity 118994K, committed 120128K, reserved 1153024K
  class space    used 14631K, capacity 15580K, committed 15976K, reserved 1048576K
Event: 3137.873 GC heap after
Heap after GC invocations=30 (full 5):
 PSYoungGen      total 629760K, used 39237K [0x00000000d5580000, 0x0000000100000000, 0x0000000100000000)
  eden space 590336K, 0% used [0x00000000d5580000,0x00000000d5580000,0x00000000f9600000)
  from space 39424K, 99% used [0x00000000f9600000,0x00000000fbc514c0,0x00000000fbc80000)
  to   space 57344K, 0% used [0x00000000fc800000,0x00000000fc800000,0x0000000100000000)
 ParOldGen       total 202752K, used 105769K [0x0000000080000000, 0x000000008c600000, 0x00000000d5580000)
  object space 202752K, 52% used [0x0000000080000000,0x000000008674a7f8,0x000000008c600000)
 Metaspace       used 113878K, capacity 118994K, committed 120128K, reserved 1153024K
  class space    used 14631K, capacity 15580K, committed 15976K, reserved 1048576K
}
Event: 3201.444 GC heap before
{Heap before GC invocations=31 (full 5):
 PSYoungGen      total 629760K, used 629573K [0x00000000d5580000, 0x0000000100000000, 0x0000000100000000)
  eden space 590336K, 100% used [0x00000000d5580000,0x00000000f9600000,0x00000000f9600000)
  from space 39424K, 99% used [0x00000000f9600000,0x00000000fbc514c0,0x00000000fbc80000)
  to   space 57344K, 0% used [0x00000000fc800000,0x00000000fc800000,0x0000000100000000)
 ParOldGen       total 202752K, used 105769K [0x0000000080000000, 0x000000008c600000, 0x00000000d5580000)
  object space 202752K, 52% used [0x0000000080000000,0x000000008674a7f8,0x000000008c600000)
 Metaspace       used 114743K, capacity 120120K, committed 121024K, reserved 1155072K
  class space    used 14708K, capacity 15753K, committed 16104K, reserved 1048576K
Event: 3201.673 GC heap after
Heap after GC invocations=31 (full 5):
 PSYoungGen      total 617984K, used 57336K [0x00000000d5580000, 0x0000000100000000, 0x0000000100000000)
  eden space 560640K, 0% used [0x00000000d5580000,0x00000000d5580000,0x00000000f7900000)
  from space 57344K, 99% used [0x00000000fc800000,0x00000000ffffe2c0,0x0000000100000000)
  to   space 69120K, 0% used [0x00000000f7900000,0x00000000f7900000,0x00000000fbc80000)
 ParOldGen       total 202752K, used 113666K [0x0000000080000000, 0x000000008c600000, 0x00000000d5580000)
  object space 202752K, 56% used [0x0000000080000000,0x0000000086f00a68,0x000000008c600000)
 Metaspace       used 114743K, capacity 120120K, committed 121024K, reserved 1155072K
  class space    used 14708K, capacity 15753K, committed 16104K, reserved 1048576K
}
Event: 4014.515 GC heap before
{Heap before GC invocations=32 (full 5):
 PSYoungGen      total 617984K, used 617976K [0x00000000d5580000, 0x0000000100000000, 0x0000000100000000)
  eden space 560640K, 100% used [0x00000000d5580000,0x00000000f7900000,0x00000000f7900000)
  from space 57344K, 99% used [0x00000000fc800000,0x00000000ffffe2c0,0x0000000100000000)
  to   space 69120K, 0% used [0x00000000f7900000,0x00000000f7900000,0x00000000fbc80000)
 ParOldGen       total 202752K, used 113666K [0x0000000080000000, 0x000000008c600000, 0x00000000d5580000)
  object space 202752K, 56% used [0x0000000080000000,0x0000000086f00a68,0x000000008c600000)
 Metaspace       used 116526K, capacity 122312K, committed 122688K, reserved 1155072K
  class space    used 14936K, capacity 16019K, committed 16232K, reserved 1048576K
Event: 4028.726 GC heap after
Heap after GC invocations=32 (full 5):
 PSYoungGen      total 629760K, used 13824K [0x00000000d5580000, 0x0000000100000000, 0x0000000100000000)
  eden space 560640K, 0% used [0x00000000d5580000,0x00000000d5580000,0x00000000f7900000)
  from space 69120K, 20% used [0x00000000f7900000,0x00000000f8680198,0x00000000fbc80000)
  to   space 67584K, 0% used [0x00000000fbe00000,0x00000000fbe00000,0x0000000100000000)
 ParOldGen       total 202752K, used 123418K [0x0000000080000000, 0x000000008c600000, 0x00000000d5580000)
  object space 202752K, 60% used [0x0000000080000000,0x00000000878869d8,0x000000008c600000)
 Metaspace       used 116526K, capacity 122312K, committed 122688K, reserved 1155072K
  class space    used 14936K, capacity 16019K, committed 16232K, reserved 1048576K
}
Event: 4261.802 GC heap before
{Heap before GC invocations=33 (full 5):
 PSYoungGen      total 629760K, used 574464K [0x00000000d5580000, 0x0000000100000000, 0x0000000100000000)
  eden space 560640K, 100% used [0x00000000d5580000,0x00000000f7900000,0x00000000f7900000)
  from space 69120K, 20% used [0x00000000f7900000,0x00000000f8680198,0x00000000fbc80000)
  to   space 67584K, 0% used [0x00000000fbe00000,0x00000000fbe00000,0x0000000100000000)
 ParOldGen       total 202752K, used 123418K [0x0000000080000000, 0x000000008c600000, 0x00000000d5580000)
  object space 202752K, 60% used [0x0000000080000000,0x00000000878869d8,0x000000008c600000)
 Metaspace       used 117214K, capacity 123554K, committed 123840K, reserved 1157120K
  class space    used 15018K, capacity 16198K, committed 16360K, reserved 1048576K
Event: 4273.837 GC heap after
Heap after GC invocations=33 (full 5):
 PSYoungGen      total 625152K, used 13985K [0x00000000d5580000, 0x00000000ffb80000, 0x0000000100000000)
  eden space 562176K, 0% used [0x00000000d5580000,0x00000000d5580000,0x00000000f7a80000)
  from space 62976K, 22% used [0x00000000fbe00000,0x00000000fcba8780,0x00000000ffb80000)
  to   space 66048K, 0% used [0x00000000f7a80000,0x00000000f7a80000,0x00000000fbb00000)
 ParOldGen       total 202752K, used 123426K [0x0000000080000000, 0x000000008c600000, 0x00000000d5580000)
  object space 202752K, 60% used [0x0000000080000000,0x00000000878889d8,0x000000008c600000)
 Metaspace       used 117214K, capacity 123554K, committed 123840K, reserved 1157120K
  class space    used 15018K, capacity 16198K, committed 16360K, reserved 1048576K
}

Deoptimization events (10 events):
Event: 5200.937 Thread 0x000000001ffcd800 Uncommon trap: reason=unstable_if action=reinterpret pc=0x0000000004b79a60 method=org.gradle.internal.resolve.result.DefaultBuildableTypedResolveResult.hasResult()Z @ 4
Event: 5201.962 Thread 0x000000001ffcd800 Uncommon trap: reason=unstable_if action=reinterpret pc=0x0000000006c5dfec method=org.gradle.internal.resolve.result.DefaultBuildableTypedResolveResult.hasResult()Z @ 4
Event: 5202.503 Thread 0x000000001ffcd800 Uncommon trap: reason=unstable_if action=reinterpret pc=0x0000000006d6ee40 method=org.gradle.api.internal.artifacts.ivyservice.resolveengine.artifact.ArtifactBackedResolvedVariant$SingleArtifactSet.visit(Lorg/gradle/api/internal/artifacts/ivyservice/resol
Event: 5213.951 Thread 0x000000001ffcd800 Uncommon trap: reason=unstable_if action=reinterpret pc=0x000000000549f9fc method=org.gradle.internal.operations.DefaultBuildOperationExecutor$3.stop()V @ 61
Event: 5214.219 Thread 0x000000001ffcd800 Uncommon trap: reason=unstable_if action=reinterpret pc=0x00000000054b1870 method=org.gradle.internal.operations.DefaultBuildOperationExecutor$1.execute(Lorg/gradle/internal/operations/BuildOperationDescriptor;Lorg/gradle/internal/operations/DefaultBuildO
Event: 5214.412 Thread 0x000000001ffcf000 Uncommon trap: reason=class_check action=maybe_recompile pc=0x00000000066309d0 method=java.io.ObjectOutputStream.writeObject0(Ljava/lang/Object;Z)V @ 240
Event: 5216.388 Thread 0x000000001ffcf000 Uncommon trap: reason=class_check action=maybe_recompile pc=0x00000000066309d0 method=java.io.ObjectOutputStream.writeObject0(Ljava/lang/Object;Z)V @ 240
Event: 5216.437 Thread 0x000000001ffcf000 Uncommon trap: reason=class_check action=maybe_recompile pc=0x00000000066309d0 method=java.io.ObjectOutputStream.writeObject0(Ljava/lang/Object;Z)V @ 240
Event: 5225.946 Thread 0x000000001ffcd800 Uncommon trap: reason=class_check action=maybe_recompile pc=0x0000000005d634d0 method=com.google.common.collect.SortedIterables.hasSameComparator(Ljava/util/Comparator;Ljava/lang/Iterable;)Z @ 11
Event: 5268.799 Thread 0x0000000002fb2800 Uncommon trap: reason=unstable_if action=reinterpret pc=0x0000000004cdf084 method=org.gradle.internal.concurrent.CompositeStoppable.stop()V @ 114

Classes redefined (0 events):
No events

Internal exceptions (10 events):
Event: 4498.783 Thread 0x000000001a1b7800 Exception <a 'sun/nio/fs/WindowsException'> (0x00000000ef8dcbf8) thrown at [C:\src\AOSP-openjdk-git\hotspot\src\share\vm\prims\jni.cpp, line 710]
Event: 4498.798 Thread 0x000000001a1b7800 Exception <a 'sun/nio/fs/WindowsException'> (0x00000000ef8e3568) thrown at [C:\src\AOSP-openjdk-git\hotspot\src\share\vm\prims\jni.cpp, line 710]
Event: 4498.798 Thread 0x000000001a1b7800 Exception <a 'sun/nio/fs/WindowsException'> (0x00000000ef8e4298) thrown at [C:\src\AOSP-openjdk-git\hotspot\src\share\vm\prims\jni.cpp, line 710]
Event: 4498.798 Thread 0x000000001a1b7800 Exception <a 'sun/nio/fs/WindowsException'> (0x00000000ef8e6180) thrown at [C:\src\AOSP-openjdk-git\hotspot\src\share\vm\prims\jni.cpp, line 710]
Event: 4498.799 Thread 0x000000001a1b7800 Exception <a 'sun/nio/fs/WindowsException'> (0x00000000ef8e6ec0) thrown at [C:\src\AOSP-openjdk-git\hotspot\src\share\vm\prims\jni.cpp, line 710]
Event: 5013.222 Thread 0x000000001ffcd800 Exception <a 'sun/nio/fs/WindowsException'> (0x00000000f2bc6df0) thrown at [C:\src\AOSP-openjdk-git\hotspot\src\share\vm\prims\jni.cpp, line 710]
Event: 5193.120 Thread 0x000000001b526800 Exception <a 'java/io/IOException'> (0x00000000d988c388) thrown at [C:\src\AOSP-openjdk-git\hotspot\src\share\vm\prims\jni.cpp, line 710]
Event: 5215.790 Thread 0x000000001ffcf000 Exception <a 'java/lang/NoSuchMethodError': <clinit>> (0x00000000f4f858a0) thrown at [C:\src\AOSP-openjdk-git\hotspot\src\share\vm\prims\jni.cpp, line 1615]
Event: 5216.667 Thread 0x000000001ffcf000 Exception <a 'java/lang/NoSuchMethodError': <clinit>> (0x00000000f4f87120) thrown at [C:\src\AOSP-openjdk-git\hotspot\src\share\vm\prims\jni.cpp, line 1615]
Event: 5259.414 Thread 0x000000001ffcf000 Exception <a 'java/lang/NoSuchMethodError': <clinit>> (0x00000000f508e250) thrown at [C:\src\AOSP-openjdk-git\hotspot\src\share\vm\prims\jni.cpp, line 1615]

Events (10 events):
Event: 5283.540 loading class java/lang/Throwable$WrappedPrintWriter
Event: 5283.629 loading class org/gradle/internal/buildevents/BuildExceptionReporter$FailureDetails
Event: 5283.629 loading class org/gradle/internal/buildevents/BuildExceptionReporter$FailureDetails done
Event: 5284.992 loading class java/lang/Throwable$WrappedPrintWriter done
Event: 5285.985 loading class org/gradle/internal/logging/text/BufferingStyledTextOutput
Event: 5285.985 loading class org/gradle/internal/logging/text/BufferingStyledTextOutput done
Event: 5287.110 loading class org/gradle/internal/buildevents/BuildExceptionReporter$ExceptionStyle
Event: 5287.110 loading class org/gradle/internal/buildevents/BuildExceptionReporter$ExceptionStyle done
Event: 5288.303 loading class org/gradle/internal/logging/text/BufferingStyledTextOutput$1
Event: 5288.303 loading class org/gradle/internal/logging/text/BufferingStyledTextOutput$1 done


Dynamic libraries:
0x00007ff75aa40000 - 0x00007ff75aa71000 	C:\Program Files\Android\Android Studio\jre\bin\java.exe
0x00007ffbcd910000 - 0x00007ffbcdaf1000 	C:\Windows\SYSTEM32\ntdll.dll
0x00007ffb939f0000 - 0x00007ffb93a02000 	C:\Program Files\AVG\Antivirus\aswhook.dll
0x00007ffbcb0e0000 - 0x00007ffbcb191000 	C:\Windows\System32\KERNEL32.DLL
0x00007ffbca7b0000 - 0x00007ffbcaa23000 	C:\Windows\System32\KERNELBASE.dll
0x00007ffbcb030000 - 0x00007ffbcb0d1000 	C:\Windows\System32\ADVAPI32.dll
0x00007ffbcc9d0000 - 0x00007ffbcca6e000 	C:\Windows\System32\msvcrt.dll
0x00007ffbcca70000 - 0x00007ffbccacb000 	C:\Windows\System32\sechost.dll
0x00007ffbcce30000 - 0x00007ffbccf54000 	C:\Windows\System32\RPCRT4.dll
0x00007ffbcd6e0000 - 0x00007ffbcd871000 	C:\Windows\System32\USER32.dll
0x00007ffbc9cc0000 - 0x00007ffbc9ce0000 	C:\Windows\System32\win32u.dll
0x00007ffbcd630000 - 0x00007ffbcd658000 	C:\Windows\System32\GDI32.dll
0x00007ffbcabe0000 - 0x00007ffbcad71000 	C:\Windows\System32\gdi32full.dll
0x00007ffbcab40000 - 0x00007ffbcabdf000 	C:\Windows\System32\msvcp_win.dll
0x00007ffbca6b0000 - 0x00007ffbca7a8000 	C:\Windows\System32\ucrtbase.dll
0x00007ffbb4440000 - 0x00007ffbb46a9000 	C:\Windows\WinSxS\amd64_microsoft.windows.common-controls_6595b64144ccf1df_6.0.17134.1130_none_d3ff42617c90becf\COMCTL32.dll
0x00007ffbccb00000 - 0x00007ffbcce21000 	C:\Windows\System32\combase.dll
0x00007ffbc9ce0000 - 0x00007ffbc9d59000 	C:\Windows\System32\bcryptPrimitives.dll
0x00007ffbccad0000 - 0x00007ffbccafd000 	C:\Windows\System32\IMM32.DLL
0x0000000075360000 - 0x0000000075432000 	C:\Program Files\Android\Android Studio\jre\jre\bin\msvcr100.dll
0x0000000075dd0000 - 0x000000007661b000 	C:\Program Files\Android\Android Studio\jre\jre\bin\server\jvm.dll
0x00007ffbcd3b0000 - 0x00007ffbcd3b8000 	C:\Windows\System32\PSAPI.DLL
0x00007ffbbb430000 - 0x00007ffbbb439000 	C:\Windows\SYSTEM32\WSOCK32.dll
0x00007ffbcc960000 - 0x00007ffbcc9cc000 	C:\Windows\System32\WS2_32.dll
0x00007ffbc7830000 - 0x00007ffbc7853000 	C:\Windows\SYSTEM32\WINMM.dll
0x00007ffbc44b0000 - 0x00007ffbc44ba000 	C:\Windows\SYSTEM32\VERSION.dll
0x00007ffbc7800000 - 0x00007ffbc782a000 	C:\Windows\SYSTEM32\WINMMBASE.dll
0x00007ffbca470000 - 0x00007ffbca4b9000 	C:\Windows\System32\cfgmgr32.dll
0x00007ffbb9710000 - 0x00007ffbb971f000 	C:\Program Files\Android\Android Studio\jre\jre\bin\verify.dll
0x00007ffbb63a0000 - 0x00007ffbb63c9000 	C:\Program Files\Android\Android Studio\jre\jre\bin\java.dll
0x00007ffbb9390000 - 0x00007ffbb93a6000 	C:\Program Files\Android\Android Studio\jre\jre\bin\zip.dll
0x00007ffbcb290000 - 0x00007ffbcc6d5000 	C:\Windows\System32\SHELL32.dll
0x00007ffbcd560000 - 0x00007ffbcd609000 	C:\Windows\System32\shcore.dll
0x00007ffbc9d60000 - 0x00007ffbca470000 	C:\Windows\System32\windows.storage.dll
0x00007ffbcd880000 - 0x00007ffbcd8d1000 	C:\Windows\System32\shlwapi.dll
0x00007ffbc9c10000 - 0x00007ffbc9c21000 	C:\Windows\System32\kernel.appcore.dll
0x00007ffbc9c50000 - 0x00007ffbc9c6f000 	C:\Windows\System32\profapi.dll
0x00007ffbc9c70000 - 0x00007ffbc9cbc000 	C:\Windows\System32\powrprof.dll
0x00007ffbc9c00000 - 0x00007ffbc9c0a000 	C:\Windows\System32\FLTLIB.DLL
0x00007ffbb6330000 - 0x00007ffbb634a000 	C:\Program Files\Android\Android Studio\jre\jre\bin\net.dll
0x00007ffbc9420000 - 0x00007ffbc9486000 	C:\Windows\system32\mswsock.dll
0x00007ffbb4cf0000 - 0x00007ffbb4d03000 	C:\Program Files\Android\Android Studio\jre\jre\bin\nio.dll
0x00007ffbb22b0000 - 0x00007ffbb22d7000 	C:\Users\pelud\.gradle\native\f6784746aeab05261644944871eae4fe03e0ef1612fff0a4a95f87b438bc6780\windows-amd64\native-platform.dll
0x00007ffbb9700000 - 0x00007ffbb970d000 	C:\Program Files\Android\Android Studio\jre\jre\bin\management.dll
0x00007ffbc95e0000 - 0x00007ffbc95f7000 	C:\Windows\SYSTEM32\CRYPTSP.dll
0x00007ffbc8fd0000 - 0x00007ffbc9003000 	C:\Windows\system32\rsaenh.dll
0x00007ffbc9700000 - 0x00007ffbc9725000 	C:\Windows\SYSTEM32\bcrypt.dll
0x00007ffbc9b30000 - 0x00007ffbc9b58000 	C:\Windows\SYSTEM32\USERENV.dll
0x00007ffbc95d0000 - 0x00007ffbc95db000 	C:\Windows\SYSTEM32\CRYPTBASE.dll
0x00007ffbc9170000 - 0x00007ffbc91a8000 	C:\Windows\SYSTEM32\IPHLPAPI.DLL
0x00007ffbcafc0000 - 0x00007ffbcafc8000 	C:\Windows\System32\NSI.dll
0x00007ffbc5500000 - 0x00007ffbc5516000 	C:\Windows\SYSTEM32\dhcpcsvc6.DLL
0x00007ffbc5430000 - 0x00007ffbc544a000 	C:\Windows\SYSTEM32\dhcpcsvc.DLL
0x00007ffbc3e40000 - 0x00007ffbc3e4b000 	C:\Windows\SYSTEM32\WINNSI.DLL
0x00007ffbb4890000 - 0x00007ffbb48b4000 	C:\Program Files\Android\Android Studio\jre\jre\bin\sunec.dll
0x00007ffbc91b0000 - 0x00007ffbc926e000 	C:\Windows\SYSTEM32\DNSAPI.dll
0x0000000077270000 - 0x0000000077296000 	C:\Program Files\Bonjour\mdnsNSP.dll
0x00007ffbc3370000 - 0x00007ffbc337a000 	C:\Windows\System32\rasadhlp.dll
0x00007ffbc32f0000 - 0x00007ffbc3362000 	C:\Windows\System32\fwpuclnt.dll
0x00007ffbb7f20000 - 0x00007ffbb7f2b000 	C:\Program Files\Android\Android Studio\jre\jre\bin\sunmscapi.dll
0x00007ffbca4c0000 - 0x00007ffbca6a2000 	C:\Windows\System32\CRYPT32.dll
0x00007ffbc9c30000 - 0x00007ffbc9c42000 	C:\Windows\System32\MSASN1.dll
0x00007ffbc8cc0000 - 0x00007ffbc8cf1000 	C:\Windows\SYSTEM32\ntmarta.dll
0x00007ffb9e9e0000 - 0x00007ffb9eb7c000 	C:\Program Files\Android\Android Studio\jre\jre\bin\awt.dll
0x00007ffbcad90000 - 0x00007ffbcae52000 	C:\Windows\System32\OLEAUT32.dll
0x00007ffbc81c0000 - 0x00007ffbc81e9000 	C:\Windows\SYSTEM32\dwmapi.dll
0x00007ffbc6600000 - 0x00007ffbc6bc7000 	C:\Windows\SYSTEM32\d2d1.dll
0x00007ffbc7960000 - 0x00007ffbc79eb000 	C:\Windows\SYSTEM32\apphelp.dll
0x00007ffbc7ba0000 - 0x00007ffbc7c38000 	C:\Windows\system32\uxtheme.dll

VM Arguments:
jvm_args: -Xmx2048m -Dfile.encoding=UTF-8 -Duser.country=MX -Duser.language=es -Duser.variant 
java_command: org.gradle.launcher.daemon.bootstrap.GradleDaemon 6.5
java_class_path (initial): C:\Users\pelud\.gradle\wrapper\dists\gradle-6.5-bin\6nifqtx7604sqp1q6g8wikw7p\gradle-6.5\lib\gradle-launcher-6.5.jar
Launcher Type: SUN_STANDARD

Environment Variables:
PATH=C:\Program Files (x86)\NVIDIA Corporation\PhysX\Common;C:\Program Files\Microsoft MPI\Bin\;C:\Program Files (x86)\Common Files\Oracle\Java\javapath;C:\Windows\system32;C:\Windows;C:\Windows\System32\Wbem;C:\Windows\System32\WindowsPowerShell\v1.0\;C:\Windows\System32\OpenSSH\;C:\Windows\system32\config\systemprofile\.dnx\bin;C:\Program Files\Microsoft DNX\Dnvm\;C:\Program Files\Microsoft SQL Server\130\Tools\Binn\;C:\Program Files\Microsoft SQL Server\Client SDK\ODBC\130\Tools\Binn\;C:\Program Files (x86)\Microsoft SQL Server\140\Tools\Binn\;C:\Program Files\Microsoft SQL Server\140\Tools\Binn\;C:\Program Files\Microsoft SQL Server\140\DTS\Binn\;C:\Program Files (x86)\Microsoft SQL Server\150\DTS\Binn\;C:\xampp\php;C:\ProgramData\ComposerSetup\bin;C:\Program Files\Git\cmd;C:\Program Files\Git\mingw64\bin;C:\Program Files\Git\usr\bin;C:\Users\pelud\AppData\Local\Microsoft\WindowsApps;C:\Users\pelud\AppData\Roaming\Dashlane\4.6.6.23032\bin\Firefox_Extension\{442718d9-475e-452a-b3e1-fb1ee16b8e9f}\components;C:\Users\pelud\AppData\Roaming\Dashlane\6.2026.0.36165\bin\Firefox_Extension\{442718d9-475e-452a-b3e1-fb1ee16b8e9f}\components;C:\Users\pelud\AppData\Roaming\Dashlane\6.2026.0.36165\ucrt;C:\Users\pelud\AppData\Roaming\Dashlane\6.2026.0.36165\bin\Qt;C:\Users\pelud\AppData\Roaming\Dashlane\6.2026.0.36165\bin\Ssl;C:\Users\pelud\AppData\Roaming\Composer\vendor\bin
USERNAME=pelud
OS=Windows_NT
PROCESSOR_IDENTIFIER=Intel64 Family 6 Model 142 Stepping 10, GenuineIntel



---------------  S Y S T E M  ---------------

OS: Windows 10.0 , 64 bit Build 17134 (10.0.17134.753)

CPU:total 4 (initial active 4) (2 cores per cpu, 2 threads per core) family 6 model 142 stepping 10, cmov, cx8, fxsr, mmx, sse, sse2, sse3, ssse3, sse4.1, sse4.2, popcnt, avx, avx2, aes, clmul, erms, 3dnowpref, lzcnt, ht, tsc, tscinvbit, bmi1, bmi2, adx

Memory: 4k page, physical 4101348k(68232k free), swap 6968548k(4700k free)

vm_info: OpenJDK 64-Bit Server VM (25.242-b01) for windows-amd64 JRE (1.8.0_242-release-1644-b01), built by "builder" with MS VC++ 10.0 (VS2010)

time: Sat Feb 06 16:18:07 2021
timezone: US Mountain Standard Time
elapsed time: 5291 seconds (0d 1h 28m 11s)

